{"level":"info","message":"Connected to MongoDB","timestamp":"2024-05-20T03:05:14.752Z"}
{"level":"info","message":"Connected to MongoDB","timestamp":"2024-05-20T03:05:49.103Z"}
{"level":"info","message":"Connected to MongoDB","timestamp":"2024-05-20T03:16:05.649Z"}
{"level":"info","message":"Connected to MongoDB","timestamp":"2024-05-20T03:17:28.754Z"}
{"level":"info","message":"Connected to MongoDB","timestamp":"2024-05-20T03:17:33.831Z"}
{"level":"info","message":"Connected to MongoDB","timestamp":"2024-05-20T03:18:34.230Z"}
{"level":"info","message":"Connected to MongoDB","timestamp":"2024-05-20T03:18:44.148Z"}
{"level":"info","message":"Connected to MongoDB","timestamp":"2024-05-20T03:18:51.836Z"}
{"level":"info","message":"Connected to MongoDB","timestamp":"2024-05-20T03:19:02.486Z"}
{"level":"info","message":"Connected to MongoDB","timestamp":"2024-05-20T03:20:28.541Z"}
{"level":"info","message":"Connected to MongoDB","timestamp":"2024-05-20T03:20:34.465Z"}
{"level":"info","message":"Connected to MongoDB","timestamp":"2024-05-20T03:20:57.929Z"}
{"level":"info","message":"Connected to MongoDB","timestamp":"2024-05-20T03:21:09.872Z"}
{"level":"info","message":"Connected to MongoDB","timestamp":"2024-05-20T03:21:17.618Z"}
{"level":"info","message":"Connected to MongoDB","timestamp":"2024-05-20T03:21:47.704Z"}
{"level":"info","message":"Connected to MongoDB","timestamp":"2024-05-20T03:21:53.552Z"}
{"level":"info","message":"Connected to MongoDB","timestamp":"2024-05-20T03:22:17.142Z"}
{"level":"info","message":"Connected to MongoDB","timestamp":"2024-05-20T03:22:46.243Z"}
{"level":"info","message":"Connected to MongoDB","timestamp":"2024-05-20T03:24:56.079Z"}
{"level":"info","message":"Server listening on port 3000","timestamp":"2024-05-20T03:25:05.561Z"}
{"level":"info","message":"Connected to MongoDB","timestamp":"2024-05-20T03:25:06.407Z"}
{"level":"info","message":"Server listening on port 3000","timestamp":"2024-05-20T03:26:01.454Z"}
{"level":"info","message":"Connected to MongoDB","timestamp":"2024-05-20T03:26:02.408Z"}
{"level":"info","message":"Server listening on port 3000","timestamp":"2024-05-20T03:26:57.266Z"}
{"level":"info","message":"Connected to MongoDB","timestamp":"2024-05-20T03:26:58.111Z"}
{"level":"info","message":"Server listening on port 3000","timestamp":"2024-05-20T03:27:14.508Z"}
{"level":"info","message":"Connected to MongoDB","timestamp":"2024-05-20T03:27:15.445Z"}
{"level":"info","message":"Server listening on port 3000","timestamp":"2024-05-20T03:27:42.358Z"}
{"level":"info","message":"Connected to MongoDB","timestamp":"2024-05-20T03:27:43.215Z"}
{"level":"info","message":"Server listening on port 3000","timestamp":"2024-05-20T03:28:16.757Z"}
{"level":"info","message":"Connected to MongoDB","timestamp":"2024-05-20T03:28:17.901Z"}
{"level":"info","message":"User connected: Ralu","timestamp":"2024-05-20T03:28:35.493Z"}
{"level":"info","message":"User connected: Sevli","timestamp":"2024-05-20T03:28:42.683Z"}
{"level":"info","message":"Server listening on port 3000","timestamp":"2024-05-20T03:30:05.687Z"}
{"level":"info","message":"Connected to MongoDB","timestamp":"2024-05-20T03:30:06.706Z"}
{"level":"info","message":"User connected: Ralu","timestamp":"2024-05-20T03:30:28.889Z"}
{"level":"info","message":"User disconnected: Ralu","timestamp":"2024-05-20T03:30:38.749Z"}
{"date":"Sun May 19 2024 20:30:56 GMT-0700 (Pacific Daylight Saving Time)","error":{},"level":"error","message":"unhandledRejection: logger is not defined\nReferenceError: logger is not defined\n    at file:///C:/Users/markw/Documents/restoria/restoria0.0/routes.js:93:7\n    at process.processTicksAndRejections (node:internal/process/task_queues:95:5)","os":{"loadavg":[0,0,0],"uptime":428859.5},"process":{"argv":["C:\\Program Files\\nodejs\\node.exe","C:\\Users\\markw\\Documents\\restoria\\restoria0.0\\app.js"],"cwd":"C:\\Users\\markw\\Documents\\restoria\\restoria0.0","execPath":"C:\\Program Files\\nodejs\\node.exe","gid":null,"memoryUsage":{"arrayBuffers":18339227,"external":20986170,"heapTotal":27648000,"heapUsed":25692928,"rss":65929216},"pid":12052,"uid":null,"version":"v20.11.0"},"rejection":true,"stack":"ReferenceError: logger is not defined\n    at file:///C:/Users/markw/Documents/restoria/restoria0.0/routes.js:93:7\n    at process.processTicksAndRejections (node:internal/process/task_queues:95:5)","timestamp":"2024-05-20T03:30:56.729Z","trace":[{"column":7,"file":"file:///C:/Users/markw/Documents/restoria/restoria0.0/routes.js","function":null,"line":93,"method":null,"native":false},{"column":5,"file":"node:internal/process/task_queues","function":"process.processTicksAndRejections","line":95,"method":"processTicksAndRejections","native":false}]}
{"level":"info","message":"Server listening on port 3000","timestamp":"2024-05-20T03:31:27.497Z"}
{"level":"info","message":"Connected to MongoDB","timestamp":"2024-05-20T03:31:28.356Z"}
{"level":"info","message":"Server listening on port 3000","timestamp":"2024-05-20T03:31:56.859Z"}
{"level":"info","message":"Connected to MongoDB","timestamp":"2024-05-20T03:31:57.751Z"}
{"level":"info","message":"User connected: Sevli","timestamp":"2024-05-20T03:32:15.915Z"}
{"level":"info","message":"Server listening on port 3000","timestamp":"2024-05-20T03:33:08.589Z"}
{"level":"info","message":"Connected to MongoDB","timestamp":"2024-05-20T03:33:09.560Z"}
{"level":"info","message":"User save: rainbowUni","timestamp":"2024-05-20T03:33:19.368Z"}
{"level":"info","message":"User connected: rainbowUni","timestamp":"2024-05-20T03:33:19.574Z"}
{"level":"info","message":"Server listening on port 3000","timestamp":"2024-05-20T03:33:57.262Z"}
{"level":"info","message":"Connected to MongoDB","timestamp":"2024-05-20T03:33:58.251Z"}
